<?xml version="1.0" encoding="UTF-8"?><testrun name="Runner" project="ReservarUmTicket" tests="17" started="17" failures="0" errors="2" ignored="9">
  <testsuite name="fazerUmaReservaAerea.Runner" time="8.123">
    <testsuite name="Feature: Eu como usuario final" time="8.123">
      <testsuite name="Scenario Outline: Fazendo reserva pelo site usando massa do Excel" time="8.123">
        <testsuite name="Examples:" time="8.123">
          <testsuite name="| mercury | mercury | Diego | Pereira | Barroso |" time="7.491" incomplete="true">
            <error>org.openqa.selenium.NoSuchElementException: Cannot locate element with text: 12
For documentation on this error, please visit: https://www.seleniumhq.org/exceptions/no_such_element.html
Build info: version: '3.141.59', revision: 'e82be7d358', time: '2018-11-14T08:17:03'
System info: host: 'RSI0534', ip: '192.168.56.1', os.name: 'Windows 10', os.arch: 'amd64', os.version: '10.0', java.version: '1.8.0_211'
Driver info: driver.version: unknown&#13;
	at org.openqa.selenium.support.ui.Select.selectByVisibleText(Select.java:147)&#13;
	at utils.Utils.selecionarComboBoxByVisibleText(Utils.java:100)&#13;
	at fazerUmaReservaAerea.ReservarUmTicketPageObject.selecionarDataPartidaERetorno(ReservarUmTicketPageObject.java:202)&#13;
	at fazerUmaReservaAerea.StepsCompraPassagemComExcel.seleciono_a_data_on_e_returning(StepsCompraPassagemComExcel.java:33)&#13;
	at ✽.And seleciono a data on e returning(src/test/java/fazerUmaReservaAerea/ComprarPassagemComExcel.feature:13)&#13;
&#13;
</error>
            <testcase name="Given que acesso o site" classname="| mercury | mercury | Diego | Pereira | Barroso |" time="0.072"/>
            <testcase name="And digito o nome de usuario &quot;mercury&quot;" classname="| mercury | mercury | Diego | Pereira | Barroso |" time="0.384"/>
            <testcase name="And digito o a senha de usuario &quot;mercury&quot;" classname="| mercury | mercury | Diego | Pereira | Barroso |" time="5.712"/>
            <testcase name="And clico no botao SingIn" classname="| mercury | mercury | Diego | Pereira | Barroso |" time="0.098"/>
            <testcase name="And seleciono One Way" classname="| mercury | mercury | Diego | Pereira | Barroso |" time="0.378"/>
            <testcase name="And seleciono a departing from" classname="| mercury | mercury | Diego | Pereira | Barroso |" time="0.395"/>
            <testcase name="And seleciono arriving in" classname="| mercury | mercury | Diego | Pereira | Barroso |" time="0.451"/>
            <testcase name="And seleciono a data on e returning" classname="| mercury | mercury | Diego | Pereira | Barroso |" time="0.001">
              <error>org.openqa.selenium.NoSuchElementException: Cannot locate element with text: 12
For documentation on this error, please visit: https://www.seleniumhq.org/exceptions/no_such_element.html
Build info: version: '3.141.59', revision: 'e82be7d358', time: '2018-11-14T08:17:03'
System info: host: 'RSI0534', ip: '192.168.56.1', os.name: 'Windows 10', os.arch: 'amd64', os.version: '10.0', java.version: '1.8.0_211'
Driver info: driver.version: unknown&#13;
	at org.openqa.selenium.support.ui.Select.selectByVisibleText(Select.java:147)&#13;
	at utils.Utils.selecionarComboBoxByVisibleText(Utils.java:100)&#13;
	at fazerUmaReservaAerea.ReservarUmTicketPageObject.selecionarDataPartidaERetorno(ReservarUmTicketPageObject.java:202)&#13;
	at fazerUmaReservaAerea.StepsCompraPassagemComExcel.seleciono_a_data_on_e_returning(StepsCompraPassagemComExcel.java:33)&#13;
	at ✽.And seleciono a data on e returning(src/test/java/fazerUmaReservaAerea/ComprarPassagemComExcel.feature:13)&#13;
&#13;
</error>
            </testcase>
            <testcase name="And seleciono a class" classname="| mercury | mercury | Diego | Pereira | Barroso |" time="0.0" ignored="true"/>
            <testcase name="And seleciono a quantidade de passengers" classname="| mercury | mercury | Diego | Pereira | Barroso |" time="0.0" ignored="true"/>
            <testcase name="And clico no botao continuar" classname="| mercury | mercury | Diego | Pereira | Barroso |" time="0.0" ignored="true"/>
            <testcase name="And seleciono o voos ida e volta" classname="| mercury | mercury | Diego | Pereira | Barroso |" time="0.0" ignored="true"/>
            <testcase name="And clico no botao continuar" classname="| mercury | mercury | Diego | Pereira | Barroso |" time="0.0" ignored="true"/>
            <testcase name="And infomo o nome &quot;Diego&quot; e sobrenome &quot;Barroso&quot;" classname="| mercury | mercury | Diego | Pereira | Barroso |" time="0.001" ignored="true"/>
            <testcase name="And preencho o numero do cartao" classname="| mercury | mercury | Diego | Pereira | Barroso |" time="0.0" ignored="true"/>
            <testcase name="And preencho o nome do passageiro &quot;Diego&quot; , nome do meio &quot;Pereira&quot; e ultimo nome &quot;Barroso&quot;" classname="| mercury | mercury | Diego | Pereira | Barroso |" time="0.0" ignored="true"/>
            <testcase name="Then realizo a compra segura" classname="| mercury | mercury | Diego | Pereira | Barroso |" time="0.63" ignored="true"/>
          </testsuite>
        </testsuite>
      </testsuite>
    </testsuite>
  </testsuite>
</testrun>
