<?xml version="1.0" encoding="UTF-8"?><testrun name="Runner" project="ReservarUmTicket" tests="16" started="16" failures="0" errors="2" ignored="14">
  <testsuite name="fazerUmaReservaAerea.Runner" time="0.666">
    <testsuite name="Feature: Eu como usuario final" time="0.666">
      <testsuite name="Scenario Outline: Fazendo reserva pelo site" time="0.666">
        <testsuite name="Examples:" time="0.666">
          <testsuite name="| mercury | mercury | Diego | Pereira | Barroso |" time="0.028" incomplete="true">
            <error>org.openqa.selenium.NoSuchElementException: no such element: Unable to locate element: {"method":"css selector","selector":"*[name='userName']"}
  (Session info: chrome=77.0.3865.120)
For documentation on this error, please visit: https://www.seleniumhq.org/exceptions/no_such_element.html
Build info: version: '3.141.59', revision: 'e82be7d358', time: '2018-11-14T08:17:03'
System info: host: 'RSI0534', ip: '192.168.56.1', os.name: 'Windows 10', os.arch: 'amd64', os.version: '10.0', java.version: '1.8.0_211'
Driver info: org.openqa.selenium.chrome.ChromeDriver
Capabilities {acceptInsecureCerts: false, browserName: chrome, browserVersion: 77.0.3865.120, chrome: {chromedriverVersion: 76.0.3809.126 (d80a294506b4..., userDataDir: C:\Users\DIEGO~1.BAR\AppDat...}, goog:chromeOptions: {debuggerAddress: localhost:60015}, javascriptEnabled: true, networkConnectionEnabled: false, pageLoadStrategy: normal, platform: XP, platformName: XP, proxy: Proxy(), setWindowRect: true, strictFileInteractability: false, timeouts: {implicit: 0, pageLoad: 300000, script: 30000}, unhandledPromptBehavior: dismiss and notify}
Session ID: a8d0b8b953c59517ea8dfa60b11ad6b5
*** Element info: {Using=name, value=userName}&#13;
	at sun.reflect.NativeConstructorAccessorImpl.newInstance0(Native Method)&#13;
	at sun.reflect.NativeConstructorAccessorImpl.newInstance(Unknown Source)&#13;
	at sun.reflect.DelegatingConstructorAccessorImpl.newInstance(Unknown Source)&#13;
	at java.lang.reflect.Constructor.newInstance(Unknown Source)&#13;
	at org.openqa.selenium.remote.http.W3CHttpResponseCodec.createException(W3CHttpResponseCodec.java:187)&#13;
	at org.openqa.selenium.remote.http.W3CHttpResponseCodec.decode(W3CHttpResponseCodec.java:122)&#13;
	at org.openqa.selenium.remote.http.W3CHttpResponseCodec.decode(W3CHttpResponseCodec.java:49)&#13;
	at org.openqa.selenium.remote.HttpCommandExecutor.execute(HttpCommandExecutor.java:158)&#13;
	at org.openqa.selenium.remote.service.DriverCommandExecutor.execute(DriverCommandExecutor.java:83)&#13;
	at org.openqa.selenium.remote.RemoteWebDriver.execute(RemoteWebDriver.java:552)&#13;
	at org.openqa.selenium.remote.RemoteWebDriver.findElement(RemoteWebDriver.java:323)&#13;
	at org.openqa.selenium.remote.RemoteWebDriver.findElementByName(RemoteWebDriver.java:404)&#13;
	at org.openqa.selenium.By$ByName.findElement(By.java:284)&#13;
	at org.openqa.selenium.remote.RemoteWebDriver.findElement(RemoteWebDriver.java:315)&#13;
	at utils.Utils.retornarElemento(Utils.java:38)&#13;
	at utils.Utils.escrever(Utils.java:61)&#13;
	at fazerUmaReservaAerea.ReservarUmTicketPageObject.userNameLogin(ReservarUmTicketPageObject.java:49)&#13;
	at fazerUmaReservaAerea.Steps.digito_o_nome_de_usuario(Steps.java:25)&#13;
	at ✽.And digito o nome de usuario "mercury"(src/test/java/fazerUmaReservaAerea/ComprarPassagem.feature:10)&#13;
&#13;
</error>
            <testcase name="Given que acesso o site" classname="| mercury | mercury | Diego | Pereira | Barroso |" time="0.027"/>
            <testcase name="And digito o nome de usuario &quot;mercury&quot;" classname="| mercury | mercury | Diego | Pereira | Barroso |" time="0.001">
              <error>org.openqa.selenium.NoSuchElementException: no such element: Unable to locate element: {"method":"css selector","selector":"*[name='userName']"}
  (Session info: chrome=77.0.3865.120)
For documentation on this error, please visit: https://www.seleniumhq.org/exceptions/no_such_element.html
Build info: version: '3.141.59', revision: 'e82be7d358', time: '2018-11-14T08:17:03'
System info: host: 'RSI0534', ip: '192.168.56.1', os.name: 'Windows 10', os.arch: 'amd64', os.version: '10.0', java.version: '1.8.0_211'
Driver info: org.openqa.selenium.chrome.ChromeDriver
Capabilities {acceptInsecureCerts: false, browserName: chrome, browserVersion: 77.0.3865.120, chrome: {chromedriverVersion: 76.0.3809.126 (d80a294506b4..., userDataDir: C:\Users\DIEGO~1.BAR\AppDat...}, goog:chromeOptions: {debuggerAddress: localhost:60015}, javascriptEnabled: true, networkConnectionEnabled: false, pageLoadStrategy: normal, platform: XP, platformName: XP, proxy: Proxy(), setWindowRect: true, strictFileInteractability: false, timeouts: {implicit: 0, pageLoad: 300000, script: 30000}, unhandledPromptBehavior: dismiss and notify}
Session ID: a8d0b8b953c59517ea8dfa60b11ad6b5
*** Element info: {Using=name, value=userName}&#13;
	at sun.reflect.NativeConstructorAccessorImpl.newInstance0(Native Method)&#13;
	at sun.reflect.NativeConstructorAccessorImpl.newInstance(Unknown Source)&#13;
	at sun.reflect.DelegatingConstructorAccessorImpl.newInstance(Unknown Source)&#13;
	at java.lang.reflect.Constructor.newInstance(Unknown Source)&#13;
	at org.openqa.selenium.remote.http.W3CHttpResponseCodec.createException(W3CHttpResponseCodec.java:187)&#13;
	at org.openqa.selenium.remote.http.W3CHttpResponseCodec.decode(W3CHttpResponseCodec.java:122)&#13;
	at org.openqa.selenium.remote.http.W3CHttpResponseCodec.decode(W3CHttpResponseCodec.java:49)&#13;
	at org.openqa.selenium.remote.HttpCommandExecutor.execute(HttpCommandExecutor.java:158)&#13;
	at org.openqa.selenium.remote.service.DriverCommandExecutor.execute(DriverCommandExecutor.java:83)&#13;
	at org.openqa.selenium.remote.RemoteWebDriver.execute(RemoteWebDriver.java:552)&#13;
	at org.openqa.selenium.remote.RemoteWebDriver.findElement(RemoteWebDriver.java:323)&#13;
	at org.openqa.selenium.remote.RemoteWebDriver.findElementByName(RemoteWebDriver.java:404)&#13;
	at org.openqa.selenium.By$ByName.findElement(By.java:284)&#13;
	at org.openqa.selenium.remote.RemoteWebDriver.findElement(RemoteWebDriver.java:315)&#13;
	at utils.Utils.retornarElemento(Utils.java:38)&#13;
	at utils.Utils.escrever(Utils.java:61)&#13;
	at fazerUmaReservaAerea.ReservarUmTicketPageObject.userNameLogin(ReservarUmTicketPageObject.java:49)&#13;
	at fazerUmaReservaAerea.Steps.digito_o_nome_de_usuario(Steps.java:25)&#13;
	at ✽.And digito o nome de usuario "mercury"(src/test/java/fazerUmaReservaAerea/ComprarPassagem.feature:10)&#13;
&#13;
</error>
            </testcase>
            <testcase name="And digito o a senha de usuario &quot;mercury&quot;" classname="| mercury | mercury | Diego | Pereira | Barroso |" time="0.0" ignored="true"/>
            <testcase name="And clico no botao SingIn" classname="| mercury | mercury | Diego | Pereira | Barroso |" time="0.0" ignored="true"/>
            <testcase name="And seleciono a cidade de origem" classname="| mercury | mercury | Diego | Pereira | Barroso |" time="0.001" ignored="true"/>
            <testcase name="And seleciono a cidade de destino" classname="| mercury | mercury | Diego | Pereira | Barroso |" time="0.0" ignored="true"/>
            <testcase name="And seleciono a data" classname="| mercury | mercury | Diego | Pereira | Barroso |" time="0.0" ignored="true"/>
            <testcase name="And seleciono a classe" classname="| mercury | mercury | Diego | Pereira | Barroso |" time="0.0" ignored="true"/>
            <testcase name="And seleciono a quantidade de passageiros" classname="| mercury | mercury | Diego | Pereira | Barroso |" time="0.0" ignored="true"/>
            <testcase name="And clico no botao continuar" classname="| mercury | mercury | Diego | Pereira | Barroso |" time="0.001" ignored="true"/>
            <testcase name="And seleciono o voo" classname="| mercury | mercury | Diego | Pereira | Barroso |" time="0.0" ignored="true"/>
            <testcase name="And clico no botao continuar" classname="| mercury | mercury | Diego | Pereira | Barroso |" time="0.0" ignored="true"/>
            <testcase name="And infomo o nome &quot;Diego&quot; e sobrenome &quot;Barroso&quot;" classname="| mercury | mercury | Diego | Pereira | Barroso |" time="0.0" ignored="true"/>
            <testcase name="And preencho o numero do cartao" classname="| mercury | mercury | Diego | Pereira | Barroso |" time="0.001" ignored="true"/>
            <testcase name="And preencho o nome do passageiro &quot;Diego&quot; , nome do meio &quot;Pereira&quot; e ultimo nome &quot;Barroso&quot;" classname="| mercury | mercury | Diego | Pereira | Barroso |" time="0.0" ignored="true"/>
            <testcase name="Then realizo a compra segura" classname="| mercury | mercury | Diego | Pereira | Barroso |" time="0.634" ignored="true"/>
          </testsuite>
        </testsuite>
      </testsuite>
    </testsuite>
  </testsuite>
</testrun>
